<?xml version="1.0" encoding="UTF-8"?>
<!-- Generated by org.testng.reporters.JUnitReportReporter -->
<testsuite hostname="DESKTOP-7LPPN7H" failures="0" tests="9" name="org.example.api.testCases.TC_003_DDT" time="0.356" errors="0" timestamp="27 Jul 2021 14:56:26 GMT" skipped="0">
  <testcase classname="org.example.api.testCases.TC_003_DDT" name="validateDataDrivenTest" time="0.059"/>
  <testcase classname="org.example.api.testCases.TC_003_DDT" name="validateResponseContentHeader" time="0.003"/>
  <testcase classname="org.example.api.testCases.TC_003_DDT" name="validateDataDrivenTest" time="0.056"/>
  <testcase classname="org.example.api.testCases.TC_003_DDT" name="validateDataDrivenTest" time="0.088"/>
  <testcase classname="org.example.api.testCases.TC_003_DDT" name="validateResponseBody" time="0.002"/>
  <testcase classname="org.example.api.testCases.TC_003_DDT" name="validateResponseLength" time="0.003"/>
  <testcase classname="org.example.api.testCases.TC_003_DDT" name="validateResponseStatus" time="0.003"/>
  <testcase classname="org.example.api.testCases.TC_003_DDT" name="validateDataDrivenTest" time="0.069"/>
  <testcase classname="org.example.api.testCases.TC_003_DDT" name="validateDataDrivenTest" time="0.073"/>
</testsuite> <!-- org.example.api.testCases.TC_003_DDT -->
