<?xml version="1.0" encoding="UTF-8"?>
<!-- Generated by org.testng.reporters.JUnitReportReporter -->
<testsuite hostname="DESKTOP-7LPPN7H" failures="0" tests="4" name="org.example.api.testCases.TC_001_GET_List_Of_All_Video_Games" time="0.056" errors="0" timestamp="27 Jul 2021 14:56:26 GMT" skipped="0">
  <testcase classname="org.example.api.testCases.TC_001_GET_List_Of_All_Video_Games" name="validateContentType" time="0.006"/>
  <testcase classname="org.example.api.testCases.TC_001_GET_List_Of_All_Video_Games" name="validateResponseBody" time="0.043"/>
  <testcase classname="org.example.api.testCases.TC_001_GET_List_Of_All_Video_Games" name="validateResponseStatus" time="0.003"/>
  <testcase classname="org.example.api.testCases.TC_001_GET_List_Of_All_Video_Games" name="validateResponseLength" time="0.004"/>
</testsuite> <!-- org.example.api.testCases.TC_001_GET_List_Of_All_Video_Games -->
