<?xml version="1.0" encoding="UTF-8"?>
<!-- Generated by org.testng.reporters.JUnitReportReporter -->
<testsuite hostname="DESKTOP-7LPPN7H" failures="0" tests="4" name="org.example.api.testCases.TC_002_Add_a_New_Video_Game" time="0.018" errors="0" timestamp="27 Jul 2021 14:56:26 GMT" skipped="0">
  <testcase classname="org.example.api.testCases.TC_002_Add_a_New_Video_Game" name="validateResponseBody" time="0.003"/>
  <testcase classname="org.example.api.testCases.TC_002_Add_a_New_Video_Game" name="validateResponseLength" time="0.005"/>
  <testcase classname="org.example.api.testCases.TC_002_Add_a_New_Video_Game" name="validateContentType" time="0.007"/>
  <testcase classname="org.example.api.testCases.TC_002_Add_a_New_Video_Game" name="validateResponseStatus" time="0.003"/>
</testsuite> <!-- org.example.api.testCases.TC_002_Add_a_New_Video_Game -->
