<?xml version="1.0" encoding="UTF-8"?>
<!-- Generated by org.testng.reporters.JUnitReportReporter -->
<testsuite hostname="DESKTOP-7LPPN7H" failures="0" tests="4" name="org.example.api.testCases.TC_004_Delete_a_Video_Game" time="0.010" errors="0" timestamp="27 Jul 2021 14:56:26 GMT" skipped="0">
  <testcase classname="org.example.api.testCases.TC_004_Delete_a_Video_Game" name="validateResponseBody" time="0.003"/>
  <testcase classname="org.example.api.testCases.TC_004_Delete_a_Video_Game" name="validateResponseContentHeader" time="0.002"/>
  <testcase classname="org.example.api.testCases.TC_004_Delete_a_Video_Game" name="validateResponseLength" time="0.002"/>
  <testcase classname="org.example.api.testCases.TC_004_Delete_a_Video_Game" name="validateResponseStatus" time="0.003"/>
</testsuite> <!-- org.example.api.testCases.TC_004_Delete_a_Video_Game -->
